0 info it worked if it ends with ok
1 verbose cli [ 'D:\\nodejs\\node.exe',
1 verbose cli   'D:\\nodejs\\node_modules\\npm\\bin\\npm-cli.js',
1 verbose cli   'publish' ]
2 info using npm@3.10.10
3 info using node@v6.10.3
4 verbose publish [ '.' ]
5 silly cache add args [ '.', null ]
6 verbose cache add spec .
7 silly cache add parsed spec Result {
7 silly cache add   raw: '.',
7 silly cache add   scope: null,
7 silly cache add   escapedName: null,
7 silly cache add   name: null,
7 silly cache add   rawSpec: '.',
7 silly cache add   spec: 'C:\\Users\\eaknoppanut\\Desktop\\code',
7 silly cache add   type: 'directory' }
8 verbose addLocalDirectory C:\Users\eaknoppanut\AppData\Roaming\npm-cache\education_codesync\1.0.0\package.tgz not in flight; packing
9 verbose correctMkdir C:\Users\eaknoppanut\AppData\Roaming\npm-cache correctMkdir not in flight; initializing
10 info lifecycle education_codesync@1.0.0~prepublish: education_codesync@1.0.0
11 silly lifecycle education_codesync@1.0.0~prepublish: no script for prepublish, continuing
12 verbose tar pack [ 'C:\\Users\\eaknoppanut\\AppData\\Roaming\\npm-cache\\education_codesync\\1.0.0\\package.tgz',
12 verbose tar pack   'C:\\Users\\eaknoppanut\\Desktop\\code' ]
13 verbose tarball C:\Users\eaknoppanut\AppData\Roaming\npm-cache\education_codesync\1.0.0\package.tgz
14 verbose folder C:\Users\eaknoppanut\Desktop\code
15 verbose addLocalTarball adding from inside cache C:\Users\eaknoppanut\AppData\Roaming\npm-cache\education_codesync\1.0.0\package.tgz
16 verbose correctMkdir C:\Users\eaknoppanut\AppData\Roaming\npm-cache correctMkdir not in flight; initializing
17 silly cache afterAdd education_codesync@1.0.0
18 verbose afterAdd C:\Users\eaknoppanut\AppData\Roaming\npm-cache\education_codesync\1.0.0\package\package.json not in flight; writing
19 verbose correctMkdir C:\Users\eaknoppanut\AppData\Roaming\npm-cache correctMkdir not in flight; initializing
20 verbose afterAdd C:\Users\eaknoppanut\AppData\Roaming\npm-cache\education_codesync\1.0.0\package\package.json written
21 silly publish { name: 'education_codesync',
21 silly publish   version: '1.0.0',
21 silly publish   description: 'Program for student with sycncode',
21 silly publish   main: 'index.js',
21 silly publish   scripts: { dev: 'node ./' },
21 silly publish   author: '',
21 silly publish   license: 'ISC',
21 silly publish   dependencies:
21 silly publish    { 'body-parser': '^1.17.2',
21 silly publish      chokidar: '^1.7.0',
21 silly publish      express: '^4.15.3',
21 silly publish      'file-system': '^2.2.2',
21 silly publish      mime: '^1.3.6',
21 silly publish      'socket.io': '^2.0.3' },
21 silly publish   devDependencies: {},
21 silly publish   repository:
21 silly publish    { type: 'git',
21 silly publish      url: 'git+https://github.com/Vsalin/Codesync.git' },
21 silly publish   bugs: { url: 'https://github.com/Vsalin/Codesync/issues' },
21 silly publish   homepage: 'https://github.com/Vsalin/Codesync#readme',
21 silly publish   readme: '"# Codesync" \r\n\r\n\r\n\r\ntest Change',
21 silly publish   readmeFilename: 'README.md',
21 silly publish   gitHead: '7788ac065cb245a879951ab538409cdd5c435c61',
21 silly publish   _id: 'education_codesync@1.0.0',
21 silly publish   _shasum: 'd191b7afeb43a47356965a1ced93483f46c7db09',
21 silly publish   _from: '.' }
22 verbose getPublishConfig undefined
23 silly mapToRegistry name education_codesync
24 silly mapToRegistry using default registry
25 silly mapToRegistry registry https://registry.npmjs.org/
26 silly mapToRegistry data Result {
26 silly mapToRegistry   raw: 'education_codesync',
26 silly mapToRegistry   scope: null,
26 silly mapToRegistry   escapedName: 'education_codesync',
26 silly mapToRegistry   name: 'education_codesync',
26 silly mapToRegistry   rawSpec: '',
26 silly mapToRegistry   spec: 'latest',
26 silly mapToRegistry   type: 'tag' }
27 silly mapToRegistry uri https://registry.npmjs.org/education_codesync
28 verbose publish registryBase https://registry.npmjs.org/
29 silly publish uploading C:\Users\eaknoppanut\AppData\Roaming\npm-cache\education_codesync\1.0.0\package.tgz
30 verbose request uri https://registry.npmjs.org/education_codesync
31 verbose request sending authorization for write operation
32 info attempt registry request try #1 at 11:02:05 AM
33 verbose request using bearer token for auth
34 verbose request id 057e2c63f81c90e5
35 http request PUT https://registry.npmjs.org/education_codesync
36 http 403 https://registry.npmjs.org/education_codesync
37 verbose headers { 'content-type': 'application/json',
37 verbose headers   'cache-control': 'max-age=300',
37 verbose headers   'content-length': '104',
37 verbose headers   'accept-ranges': 'bytes',
37 verbose headers   date: 'Mon, 31 Jul 2017 04:01:59 GMT',
37 verbose headers   via: '1.1 varnish',
37 verbose headers   connection: 'keep-alive',
37 verbose headers   'x-served-by': 'cache-sin18021-SIN',
37 verbose headers   'x-cache': 'MISS',
37 verbose headers   'x-cache-hits': '0',
37 verbose headers   'x-timer': 'S1501473716.315267,VS0,VE3618',
37 verbose headers   vary: 'Accept-Encoding, Accept' }
38 verbose request invalidating C:\Users\eaknoppanut\AppData\Roaming\npm-cache\registry.npmjs.org\education_codesync on PUT
39 error publish Failed PUT 403
40 verbose stack Error: you must verify your email before publishing a new package: https://www.npmjs.com/email-edit : education_codesync
40 verbose stack     at makeError (D:\nodejs\node_modules\npm\node_modules\npm-registry-client\lib\request.js:302:12)
40 verbose stack     at CachingRegistryClient.<anonymous> (D:\nodejs\node_modules\npm\node_modules\npm-registry-client\lib\request.js:290:14)
40 verbose stack     at Request._callback (D:\nodejs\node_modules\npm\node_modules\npm-registry-client\lib\request.js:210:14)
40 verbose stack     at Request.self.callback (D:\nodejs\node_modules\npm\node_modules\request\request.js:187:22)
40 verbose stack     at emitTwo (events.js:106:13)
40 verbose stack     at Request.emit (events.js:191:7)
40 verbose stack     at Request.<anonymous> (D:\nodejs\node_modules\npm\node_modules\request\request.js:1048:10)
40 verbose stack     at emitOne (events.js:96:13)
40 verbose stack     at Request.emit (events.js:188:7)
40 verbose stack     at IncomingMessage.<anonymous> (D:\nodejs\node_modules\npm\node_modules\request\request.js:969:12)
41 verbose statusCode 403
42 verbose pkgid education_codesync
43 verbose cwd C:\Users\eaknoppanut\Desktop\code
44 error Windows_NT 6.3.9600
45 error argv "D:\\nodejs\\node.exe" "D:\\nodejs\\node_modules\\npm\\bin\\npm-cli.js" "publish"
46 error node v6.10.3
47 error npm  v3.10.10
48 error code E403
49 error you must verify your email before publishing a new package: https://www.npmjs.com/email-edit : education_codesync
50 error If you need help, you may report this error at:
50 error     <https://github.com/npm/npm/issues>
51 verbose exit [ 1, true ]
